<?xml version="1.0" encoding="UTF-8"?>
<coverage generated="1605714443245" clover="3.2.0">
  <project timestamp="1605714443246" name="All files">
    <metrics statements="49" coveredstatements="49" conditionals="10" coveredconditionals="8" methods="22" coveredmethods="22" elements="81" coveredelements="79" complexity="0" loc="49" ncloc="49" packages="6" files="8" classes="8"/>
    <package name="data-sources">
      <metrics statements="20" coveredstatements="20" conditionals="10" coveredconditionals="8" methods="11" coveredmethods="11"/>
      <file name="HackerNewsApi.ts" path="/home/nasrulfuad/code/sandbox/react-apps/newsreader/server/src/data-sources/HackerNewsApi.ts">
        <metrics statements="14" coveredstatements="14" conditionals="1" coveredconditionals="1" methods="8" coveredmethods="8"/>
        <line num="1" count="2" type="stmt"/>
        <line num="4" count="2" type="stmt"/>
        <line num="6" count="4" type="stmt"/>
        <line num="7" count="4" type="stmt"/>
        <line num="13" count="8" type="stmt"/>
        <line num="24" count="2" type="stmt"/>
        <line num="25" count="2" type="stmt"/>
        <line num="29" count="6" type="stmt"/>
        <line num="30" count="6" type="stmt"/>
        <line num="34" count="2" type="stmt"/>
        <line num="38" count="2" type="stmt"/>
        <line num="39" count="2" type="stmt"/>
        <line num="40" count="2" type="stmt"/>
        <line num="41" count="2" type="stmt"/>
      </file>
      <file name="NewYorkTimesApi.ts" path="/home/nasrulfuad/code/sandbox/react-apps/newsreader/server/src/data-sources/NewYorkTimesApi.ts">
        <metrics statements="6" coveredstatements="6" conditionals="9" coveredconditionals="7" methods="3" coveredmethods="3"/>
        <line num="1" count="2" type="stmt"/>
        <line num="4" count="2" type="stmt"/>
        <line num="14" count="3" type="stmt"/>
        <line num="25" count="1" type="stmt"/>
        <line num="29" count="1" type="cond" truecount="6" falsecount="2"/>
        <line num="30" count="1" type="stmt"/>
      </file>
    </package>
    <package name="fixtures">
      <metrics statements="7" coveredstatements="7" conditionals="0" coveredconditionals="0" methods="0" coveredmethods="0"/>
      <file name="hackernews.ts" path="/home/nasrulfuad/code/sandbox/react-apps/newsreader/server/src/fixtures/hackernews.ts">
        <metrics statements="4" coveredstatements="4" conditionals="0" coveredconditionals="0" methods="0" coveredmethods="0"/>
        <line num="3" count="2" type="stmt"/>
        <line num="12" count="2" type="stmt"/>
        <line num="20" count="2" type="stmt"/>
        <line num="29" count="2" type="stmt"/>
      </file>
      <file name="newyorktimes.ts" path="/home/nasrulfuad/code/sandbox/react-apps/newsreader/server/src/fixtures/newyorktimes.ts">
        <metrics statements="3" coveredstatements="3" conditionals="0" coveredconditionals="0" methods="0" coveredmethods="0"/>
        <line num="3" count="2" type="stmt"/>
        <line num="12" count="2" type="stmt"/>
        <line num="24" count="2" type="stmt"/>
      </file>
    </package>
    <package name="resolvers">
      <metrics statements="8" coveredstatements="8" conditionals="0" coveredconditionals="0" methods="6" coveredmethods="6"/>
      <file name="index.ts" path="/home/nasrulfuad/code/sandbox/react-apps/newsreader/server/src/resolvers/index.ts">
        <metrics statements="8" coveredstatements="8" conditionals="0" coveredconditionals="0" methods="6" coveredmethods="6"/>
        <line num="1" count="2" type="stmt"/>
        <line num="4" count="2" type="stmt"/>
        <line num="7" count="1" type="stmt"/>
        <line num="9" count="1" type="stmt"/>
        <line num="11" count="1" type="stmt"/>
        <line num="14" count="1" type="stmt"/>
        <line num="17" count="1" type="stmt"/>
        <line num="20" count="1" type="stmt"/>
      </file>
    </package>
    <package name="testUtils">
      <metrics statements="9" coveredstatements="9" conditionals="0" coveredconditionals="0" methods="3" coveredmethods="3"/>
      <file name="ConstructTestServer.ts" path="/home/nasrulfuad/code/sandbox/react-apps/newsreader/server/src/testUtils/ConstructTestServer.ts">
        <metrics statements="9" coveredstatements="9" conditionals="0" coveredconditionals="0" methods="3" coveredmethods="3"/>
        <line num="1" count="2" type="stmt"/>
        <line num="2" count="2" type="stmt"/>
        <line num="3" count="2" type="stmt"/>
        <line num="5" count="2" type="stmt"/>
        <line num="9" count="4" type="stmt"/>
        <line num="10" count="4" type="stmt"/>
        <line num="14" count="4" type="stmt"/>
        <line num="16" count="4" type="stmt"/>
        <line num="19" count="4" type="stmt"/>
      </file>
    </package>
    <package name="typeDefs">
      <metrics statements="2" coveredstatements="2" conditionals="0" coveredconditionals="0" methods="0" coveredmethods="0"/>
      <file name="index.ts" path="/home/nasrulfuad/code/sandbox/react-apps/newsreader/server/src/typeDefs/index.ts">
        <metrics statements="2" coveredstatements="2" conditionals="0" coveredconditionals="0" methods="0" coveredmethods="0"/>
        <line num="1" count="2" type="stmt"/>
        <line num="3" count="2" type="stmt"/>
      </file>
    </package>
    <package name="utils">
      <metrics statements="3" coveredstatements="3" conditionals="0" coveredconditionals="0" methods="2" coveredmethods="2"/>
      <file name="arrayMap.ts" path="/home/nasrulfuad/code/sandbox/react-apps/newsreader/server/src/utils/arrayMap.ts">
        <metrics statements="3" coveredstatements="3" conditionals="0" coveredconditionals="0" methods="2" coveredmethods="2"/>
        <line num="1" count="2" type="stmt"/>
        <line num="2" count="1" type="stmt"/>
        <line num="3" count="1" type="stmt"/>
      </file>
    </package>
  </project>
</coverage>
