{"/home/nasrulfuad/code/sandbox/react-apps/newsreader/server/src/data-sources/HackerNewsApi.ts": {"path":"/home/nasrulfuad/code/sandbox/react-apps/newsreader/server/src/data-sources/HackerNewsApi.ts","statementMap":{"0":{"start":{"line":1,"column":0},"end":{"line":1,"column":56}},"1":{"start":{"line":6,"column":4},"end":{"line":6,"column":12}},"2":{"start":{"line":7,"column":4},"end":{"line":7,"column":60}},"3":{"start":{"line":13,"column":4},"end":{"line":20,"column":6}},"4":{"start":{"line":24,"column":21},"end":{"line":24,"column":54}},"5":{"start":{"line":25,"column":4},"end":{"line":25,"column":20}},"6":{"start":{"line":29,"column":21},"end":{"line":29,"column":61}},"7":{"start":{"line":30,"column":4},"end":{"line":30,"column":41}},"8":{"start":{"line":34,"column":4},"end":{"line":34,"column":80}},"9":{"start":{"line":34,"column":51},"end":{"line":34,"column":77}},"10":{"start":{"line":38,"column":21},"end":{"line":38,"column":50}},"11":{"start":{"line":39,"column":4},"end":{"line":39,"column":42}},"12":{"start":{"line":40,"column":4},"end":{"line":42,"column":6}},"13":{"start":{"line":41,"column":44},"end":{"line":41,"column":70}},"14":{"start":{"line":4,"column":0},"end":{"line":4,"column":13}}},"fnMap":{"0":{"name":"(anonymous_7)","decl":{"start":{"line":5,"column":2},"end":{"line":5,"column":null}},"loc":{"start":{"line":5,"column":2},"end":{"line":8,"column":3}}},"1":{"name":"(anonymous_8)","decl":{"start":{"line":10,"column":2},"end":{"line":10,"column":16}},"loc":{"start":{"line":11,"column":71},"end":{"line":21,"column":3}}},"2":{"name":"(anonymous_9)","decl":{"start":{"line":23,"column":8},"end":{"line":23,"column":24}},"loc":{"start":{"line":23,"column":24},"end":{"line":26,"column":null}}},"3":{"name":"(anonymous_11)","decl":{"start":{"line":28,"column":8},"end":{"line":28,"column":18}},"loc":{"start":{"line":28,"column":36},"end":{"line":31,"column":null}}},"4":{"name":"(anonymous_13)","decl":{"start":{"line":33,"column":2},"end":{"line":33,"column":18}},"loc":{"start":{"line":33,"column":39},"end":{"line":35,"column":3}}},"5":{"name":"(anonymous_14)","decl":{"start":{"line":34,"column":38},"end":{"line":34,"column":47}},"loc":{"start":{"line":34,"column":51},"end":{"line":34,"column":77}}},"6":{"name":"(anonymous_15)","decl":{"start":{"line":37,"column":8},"end":{"line":37,"column":22}},"loc":{"start":{"line":37,"column":22},"end":{"line":43,"column":null}}},"7":{"name":"(anonymous_17)","decl":{"start":{"line":41,"column":21},"end":{"line":41,"column":22}},"loc":{"start":{"line":41,"column":44},"end":{"line":41,"column":70}}}},"branchMap":{"0":{"loc":{"start":{"line":11,"column":62},"end":{"line":11,"column":71}},"type":"default-arg","locations":[{"start":{"line":11,"column":62},"end":{"line":11,"column":71}}]}},"s":{"0":2,"1":4,"2":4,"3":8,"4":2,"5":2,"6":6,"7":6,"8":2,"9":2,"10":2,"11":2,"12":2,"13":2,"14":2},"f":{"0":4,"1":8,"2":2,"3":6,"4":2,"5":2,"6":2,"7":2},"b":{"0":[1]}}
,"/home/nasrulfuad/code/sandbox/react-apps/newsreader/server/src/data-sources/NewYorkTimesApi.ts": {"path":"/home/nasrulfuad/code/sandbox/react-apps/newsreader/server/src/data-sources/NewYorkTimesApi.ts","statementMap":{"0":{"start":{"line":1,"column":0},"end":{"line":1,"column":56}},"1":{"start":{"line":14,"column":4},"end":{"line":21,"column":6}},"2":{"start":{"line":25,"column":21},"end":{"line":26,"column":null}},"3":{"start":{"line":29,"column":4},"end":{"line":30,"column":null}},"4":{"start":{"line":30,"column":6},"end":{"line":30,"column":34}},"5":{"start":{"line":4,"column":0},"end":{"line":4,"column":13}}},"fnMap":{"0":{"name":"(anonymous_7)","decl":{"start":{"line":5,"column":2},"end":{"line":5,"column":16}},"loc":{"start":{"line":12,"column":46},"end":{"line":22,"column":3}}},"1":{"name":"(anonymous_8)","decl":{"start":{"line":24,"column":8},"end":{"line":24,"column":22}},"loc":{"start":{"line":24,"column":22},"end":{"line":32,"column":null}}},"2":{"name":"(anonymous_10)","decl":{"start":{"line":29,"column":34},"end":{"line":29,"column":35}},"loc":{"start":{"line":30,"column":6},"end":{"line":30,"column":34}}}},"branchMap":{"0":{"loc":{"start":{"line":12,"column":37},"end":{"line":12,"column":46}},"type":"default-arg","locations":[{"start":{"line":12,"column":37},"end":{"line":12,"column":46}}]},"1":{"loc":{"start":{"line":29,"column":28},"end":{"line":29,"column":30}},"type":"cond-expr","locations":[{"start":{"line":29,"column":28},"end":{"line":29,"column":30}},{"start":{"line":29,"column":28},"end":{"line":30,"column":null}}]},"2":{"loc":{"start":{"line":29,"column":4},"end":{"line":29,"column":30}},"type":"binary-expr","locations":[{"start":{"line":29,"column":4},"end":{"line":29,"column":30}},{"start":{"line":29,"column":28},"end":{"line":29,"column":30}}]},"3":{"loc":{"start":{"line":29,"column":19},"end":{"line":29,"column":21}},"type":"cond-expr","locations":[{"start":{"line":29,"column":19},"end":{"line":29,"column":21}},{"start":{"line":29,"column":11},"end":{"line":29,"column":28}}]},"4":{"loc":{"start":{"line":29,"column":11},"end":{"line":29,"column":21}},"type":"binary-expr","locations":[{"start":{"line":29,"column":11},"end":{"line":29,"column":21}},{"start":{"line":29,"column":11},"end":{"line":29,"column":21}}]}},"s":{"0":2,"1":3,"2":1,"3":1,"4":1,"5":2},"f":{"0":3,"1":1,"2":1},"b":{"0":[1],"1":[0,1],"2":[1,1],"3":[0,1],"4":[1,1]}}
,"/home/nasrulfuad/code/sandbox/react-apps/newsreader/server/src/fixtures/hackernews.ts": {"path":"/home/nasrulfuad/code/sandbox/react-apps/newsreader/server/src/fixtures/hackernews.ts","statementMap":{"0":{"start":{"line":3,"column":13},"end":{"line":10,"column":2}},"1":{"start":{"line":12,"column":13},"end":{"line":18,"column":2}},"2":{"start":{"line":20,"column":13},"end":{"line":27,"column":2}},"3":{"start":{"line":29,"column":13},"end":{"line":29,"column":57}}},"fnMap":{},"branchMap":{},"s":{"0":2,"1":2,"2":2,"3":2},"f":{},"b":{}}
,"/home/nasrulfuad/code/sandbox/react-apps/newsreader/server/src/fixtures/newyorktimes.ts": {"path":"/home/nasrulfuad/code/sandbox/react-apps/newsreader/server/src/fixtures/newyorktimes.ts","statementMap":{"0":{"start":{"line":3,"column":13},"end":{"line":10,"column":2}},"1":{"start":{"line":12,"column":13},"end":{"line":22,"column":2}},"2":{"start":{"line":24,"column":13},"end":{"line":31,"column":2}}},"fnMap":{},"branchMap":{},"s":{"0":2,"1":2,"2":2},"f":{},"b":{}}
,"/home/nasrulfuad/code/sandbox/react-apps/newsreader/server/src/resolvers/index.ts": {"path":"/home/nasrulfuad/code/sandbox/react-apps/newsreader/server/src/resolvers/index.ts","statementMap":{"0":{"start":{"line":1,"column":0},"end":{"line":1,"column":45}},"1":{"start":{"line":4,"column":13},"end":{"line":22,"column":2}},"2":{"start":{"line":7,"column":6},"end":{"line":11,"column":51}},"3":{"start":{"line":9,"column":10},"end":{"line":9,"column":62}},"4":{"start":{"line":11,"column":33},"end":{"line":11,"column":50}},"5":{"start":{"line":14,"column":7},"end":{"line":14,"column":71}},"6":{"start":{"line":17,"column":7},"end":{"line":17,"column":77}},"7":{"start":{"line":20,"column":7},"end":{"line":20,"column":76}}},"fnMap":{"0":{"name":"(anonymous_0)","decl":{"start":{"line":6,"column":17},"end":{"line":6,"column":18}},"loc":{"start":{"line":7,"column":6},"end":{"line":11,"column":51}}},"1":{"name":"(anonymous_1)","decl":{"start":{"line":8,"column":45},"end":{"line":8,"column":46}},"loc":{"start":{"line":8,"column":69},"end":{"line":10,"column":9}}},"2":{"name":"(anonymous_2)","decl":{"start":{"line":11,"column":13},"end":{"line":11,"column":14}},"loc":{"start":{"line":11,"column":33},"end":{"line":11,"column":50}}},"3":{"name":"(anonymous_3)","decl":{"start":{"line":13,"column":25},"end":{"line":13,"column":26}},"loc":{"start":{"line":14,"column":7},"end":{"line":14,"column":71}}},"4":{"name":"(anonymous_4)","decl":{"start":{"line":16,"column":21},"end":{"line":16,"column":22}},"loc":{"start":{"line":17,"column":7},"end":{"line":17,"column":77}}},"5":{"name":"(anonymous_5)","decl":{"start":{"line":19,"column":22},"end":{"line":19,"column":23}},"loc":{"start":{"line":20,"column":7},"end":{"line":20,"column":76}}}},"branchMap":{},"s":{"0":2,"1":2,"2":1,"3":1,"4":1,"5":1,"6":1,"7":1},"f":{"0":1,"1":1,"2":1,"3":1,"4":1,"5":1},"b":{}}
,"/home/nasrulfuad/code/sandbox/react-apps/newsreader/server/src/testUtils/ConstructTestServer.ts": {"path":"/home/nasrulfuad/code/sandbox/react-apps/newsreader/server/src/testUtils/ConstructTestServer.ts","statementMap":{"0":{"start":{"line":1,"column":0},"end":{"line":1,"column":45}},"1":{"start":{"line":2,"column":0},"end":{"line":2,"column":39}},"2":{"start":{"line":3,"column":0},"end":{"line":3,"column":41}},"3":{"start":{"line":9,"column":22},"end":{"line":9,"column":45}},"4":{"start":{"line":9,"column":55},"end":{"line":9,"column":74}},"5":{"start":{"line":10,"column":4},"end":{"line":10,"column":24}},"6":{"start":{"line":14,"column":4},"end":{"line":14,"column":44}},"7":{"start":{"line":16,"column":4},"end":{"line":20,"column":7}},"8":{"start":{"line":19,"column":26},"end":{"line":19,"column":65}},"9":{"start":{"line":5,"column":0},"end":{"line":5,"column":13}}},"fnMap":{"0":{"name":"(anonymous_0)","decl":{"start":{"line":9,"column":2},"end":{"line":9,"column":22}},"loc":{"start":{"line":9,"column":74},"end":{"line":11,"column":3}}},"1":{"name":"(anonymous_1)","decl":{"start":{"line":13,"column":10},"end":{"line":13,"column":22}},"loc":{"start":{"line":13,"column":22},"end":{"line":21,"column":3}}},"2":{"name":"(anonymous_2)","decl":{"start":{"line":19,"column":19},"end":{"line":19,"column":22}},"loc":{"start":{"line":19,"column":26},"end":{"line":19,"column":65}}}},"branchMap":{},"s":{"0":2,"1":2,"2":2,"3":4,"4":4,"5":4,"6":4,"7":4,"8":4,"9":2},"f":{"0":4,"1":4,"2":4},"b":{}}
,"/home/nasrulfuad/code/sandbox/react-apps/newsreader/server/src/typeDefs/index.ts": {"path":"/home/nasrulfuad/code/sandbox/react-apps/newsreader/server/src/typeDefs/index.ts","statementMap":{"0":{"start":{"line":1,"column":0},"end":{"line":1,"column":36}},"1":{"start":{"line":3,"column":13},"end":{"line":19,"column":2}}},"fnMap":{},"branchMap":{},"s":{"0":2,"1":2},"f":{},"b":{}}
,"/home/nasrulfuad/code/sandbox/react-apps/newsreader/server/src/utils/arrayMap.ts": {"path":"/home/nasrulfuad/code/sandbox/react-apps/newsreader/server/src/utils/arrayMap.ts","statementMap":{"0":{"start":{"line":1,"column":13},"end":{"line":5,"column":2}},"1":{"start":{"line":2,"column":2},"end":{"line":4,"column":9}},"2":{"start":{"line":3,"column":4},"end":{"line":3,"column":32}}},"fnMap":{"0":{"name":"(anonymous_0)","decl":{"start":{"line":1,"column":24},"end":{"line":1,"column":25}},"loc":{"start":{"line":1,"column":41},"end":{"line":5,"column":1}}},"1":{"name":"(anonymous_1)","decl":{"start":{"line":2,"column":22},"end":{"line":2,"column":23}},"loc":{"start":{"line":2,"column":40},"end":{"line":4,"column":3}}}},"branchMap":{},"s":{"0":2,"1":1,"2":1},"f":{"0":1,"1":1},"b":{}}
}
