TN:
SF:src/data-sources/HackerNewsApi.ts
FN:5,(anonymous_7)
FN:10,(anonymous_8)
FN:23,(anonymous_9)
FN:28,(anonymous_11)
FN:33,(anonymous_13)
FN:34,(anonymous_14)
FN:37,(anonymous_15)
FN:41,(anonymous_17)
FNF:8
FNH:8
FNDA:4,(anonymous_7)
FNDA:8,(anonymous_8)
FNDA:2,(anonymous_9)
FNDA:6,(anonymous_11)
FNDA:2,(anonymous_13)
FNDA:2,(anonymous_14)
FNDA:2,(anonymous_15)
FNDA:2,(anonymous_17)
DA:1,2
DA:4,2
DA:6,4
DA:7,4
DA:13,8
DA:24,2
DA:25,2
DA:29,6
DA:30,6
DA:34,2
DA:38,2
DA:39,2
DA:40,2
DA:41,2
LF:14
LH:14
BRDA:11,0,0,1
BRF:1
BRH:1
end_of_record
TN:
SF:src/data-sources/NewYorkTimesApi.ts
FN:5,(anonymous_7)
FN:24,(anonymous_8)
FN:29,(anonymous_10)
FNF:3
FNH:3
FNDA:3,(anonymous_7)
FNDA:1,(anonymous_8)
FNDA:1,(anonymous_10)
DA:1,2
DA:4,2
DA:14,3
DA:25,1
DA:29,1
DA:30,1
LF:6
LH:6
BRDA:12,0,0,1
BRDA:29,1,0,0
BRDA:29,1,1,1
BRDA:29,2,0,1
BRDA:29,2,1,1
BRDA:29,3,0,0
BRDA:29,3,1,1
BRDA:29,4,0,1
BRDA:29,4,1,1
BRF:9
BRH:7
end_of_record
TN:
SF:src/fixtures/hackernews.ts
FNF:0
FNH:0
DA:3,2
DA:12,2
DA:20,2
DA:29,2
LF:4
LH:4
BRF:0
BRH:0
end_of_record
TN:
SF:src/fixtures/newyorktimes.ts
FNF:0
FNH:0
DA:3,2
DA:12,2
DA:24,2
LF:3
LH:3
BRF:0
BRH:0
end_of_record
TN:
SF:src/resolvers/index.ts
FN:6,(anonymous_0)
FN:8,(anonymous_1)
FN:11,(anonymous_2)
FN:13,(anonymous_3)
FN:16,(anonymous_4)
FN:19,(anonymous_5)
FNF:6
FNH:6
FNDA:1,(anonymous_0)
FNDA:1,(anonymous_1)
FNDA:1,(anonymous_2)
FNDA:1,(anonymous_3)
FNDA:1,(anonymous_4)
FNDA:1,(anonymous_5)
DA:1,2
DA:4,2
DA:7,1
DA:9,1
DA:11,1
DA:14,1
DA:17,1
DA:20,1
LF:8
LH:8
BRF:0
BRH:0
end_of_record
TN:
SF:src/testUtils/ConstructTestServer.ts
FN:9,(anonymous_0)
FN:13,(anonymous_1)
FN:19,(anonymous_2)
FNF:3
FNH:3
FNDA:4,(anonymous_0)
FNDA:4,(anonymous_1)
FNDA:4,(anonymous_2)
DA:1,2
DA:2,2
DA:3,2
DA:5,2
DA:9,4
DA:10,4
DA:14,4
DA:16,4
DA:19,4
LF:9
LH:9
BRF:0
BRH:0
end_of_record
TN:
SF:src/typeDefs/index.ts
FNF:0
FNH:0
DA:1,2
DA:3,2
LF:2
LH:2
BRF:0
BRH:0
end_of_record
TN:
SF:src/utils/arrayMap.ts
FN:1,(anonymous_0)
FN:2,(anonymous_1)
FNF:2
FNH:2
FNDA:1,(anonymous_0)
FNDA:1,(anonymous_1)
DA:1,2
DA:2,1
DA:3,1
LF:3
LH:3
BRF:0
BRH:0
end_of_record
